<?xml version="1.0" encoding="UTF-8"?>
<testng-results skipped="0" failed="0" ignored="0" total="2" passed="2">
  <reporter-output>
  </reporter-output>
  <suite name="Default suite" duration-ms="54718" started-at="2018-04-23T15:50:50Z" finished-at="2018-04-23T15:51:45Z">
    <groups>
    </groups>
    <test name="Default test" duration-ms="54718" started-at="2018-04-23T15:50:50Z" finished-at="2018-04-23T15:51:45Z">
      <class name="Home.LandingPage">
        <test-method status="PASS" signature="beforeMethod()[pri:0, instance:Home.LandingPage@75d4a5c2]" name="beforeMethod" is-config="true" duration-ms="7391" started-at="2018-04-23T15:50:50Z" finished-at="2018-04-23T15:50:57Z">
          <reporter-output>
          </reporter-output>
        </test-method> <!-- beforeMethod -->
        <test-method status="PASS" signature="test1()[pri:0, instance:Home.LandingPage@75d4a5c2]" name="test1" duration-ms="32084" started-at="2018-04-23T15:50:57Z" finished-at="2018-04-23T15:51:29Z">
          <reporter-output>
          </reporter-output>
        </test-method> <!-- test1 -->
        <test-method status="PASS" signature="afterMethod()[pri:0, instance:Home.LandingPage@75d4a5c2]" name="afterMethod" is-config="true" duration-ms="189" started-at="2018-04-23T15:51:29Z" finished-at="2018-04-23T15:51:30Z">
          <reporter-output>
          </reporter-output>
        </test-method> <!-- afterMethod -->
        <test-method status="PASS" signature="beforeMethod()[pri:0, instance:Home.LandingPage@75d4a5c2]" name="beforeMethod" is-config="true" duration-ms="5637" started-at="2018-04-23T15:51:30Z" finished-at="2018-04-23T15:51:35Z">
          <reporter-output>
          </reporter-output>
        </test-method> <!-- beforeMethod -->
        <test-method status="PASS" signature="test2()[pri:0, instance:Home.LandingPage@75d4a5c2]" name="test2" duration-ms="9262" started-at="2018-04-23T15:51:35Z" finished-at="2018-04-23T15:51:45Z">
          <reporter-output>
          </reporter-output>
        </test-method> <!-- test2 -->
        <test-method status="PASS" signature="afterMethod()[pri:0, instance:Home.LandingPage@75d4a5c2]" name="afterMethod" is-config="true" duration-ms="107" started-at="2018-04-23T15:51:45Z" finished-at="2018-04-23T15:51:45Z">
          <reporter-output>
          </reporter-output>
        </test-method> <!-- afterMethod -->
      </class> <!-- Home.LandingPage -->
    </test> <!-- Default test -->
  </suite> <!-- Default suite -->
</testng-results>
